# JRE version: Java(TM) SE Runtime Environment (8.0_20-b26) (build 1.8.0_20-b26)
# Java VM: Java HotSpot(TM) 64-Bit Server VM (25.20-b23 mixed mode windows-amd64 compressed oops)
Heap:
 PSYoungGen      total 225792K, used 161599K [0x00000000eab00000, 0x00000000ff800000, 0x0000000100000000)
  eden space 202752K, 68% used [0x00000000eab00000,0x00000000f326e018,0x00000000f7100000)
  from space 23040K, 99% used [0x00000000f7100000,0x00000000f8761cd0,0x00000000f8780000)
  to   space 69120K, 0% used [0x00000000fb480000,0x00000000fb480000,0x00000000ff800000)
 ParOldGen       total 223744K, used 132794K [0x00000000c0000000, 0x00000000cda80000, 0x00000000eab00000)
  object space 223744K, 59% used [0x00000000c0000000,0x00000000c81ae890,0x00000000cda80000)
 Metaspace       used 108804K, capacity 116796K, committed 117416K, reserved 1148928K
  class space    used 14823K, capacity 17759K, committed 18088K, reserved 1048576K
GC Heap History (10 events):
Event: 1098.987 GC heap before
{Heap before GC invocations=30 (full 6):
 PSYoungGen      total 260096K, used 232297K [0x00000000eab00000, 0x0000000100000000, 0x0000000100000000)
  eden space 200192K, 100% used [0x00000000eab00000,0x00000000f6e80000,0x00000000f6e80000)
  from space 59904K, 53% used [0x00000000fb500000,0x00000000fd45a558,0x00000000fef80000)
  to   space 72192K, 0% used [0x00000000f6e80000,0x00000000f6e80000,0x00000000fb500000)
 ParOldGen       total 106496K, used 106288K [0x00000000c0000000, 0x00000000c6800000, 0x00000000eab00000)
  object space 106496K, 99% used [0x00000000c0000000,0x00000000c67cc038,0x00000000c6800000)
 Metaspace       used 90945K, capacity 98523K, committed 98856K, reserved 1132544K
  class space    used 12858K, capacity 15542K, committed 15656K, reserved 1048576K
Event: 1099.504 GC heap after
Heap after GC invocations=30 (full 6):
 PSYoungGen      total 260096K, used 23775K [0x00000000eab00000, 0x0000000100000000, 0x0000000100000000)
  eden space 200192K, 0% used [0x00000000eab00000,0x00000000eab00000,0x00000000f6e80000)
  from space 59904K, 39% used [0x00000000fb500000,0x00000000fcc37c08,0x00000000fef80000)
  to   space 72192K, 0% used [0x00000000f6e80000,0x00000000f6e80000,0x00000000fb500000)
 ParOldGen       total 223744K, used 106380K [0x00000000c0000000, 0x00000000cda80000, 0x00000000eab00000)
  object space 223744K, 47% used [0x00000000c0000000,0x00000000c67e3038,0x00000000cda80000)
 Metaspace       used 89807K, capacity 96473K, committed 98856K, reserved 1132544K
  class space    used 12367K, capacity 14784K, committed 15656K, reserved 1048576K
}
Event: 1109.771 GC heap before
{Heap before GC invocations=31 (full 6):
 PSYoungGen      total 260096K, used 223967K [0x00000000eab00000, 0x0000000100000000, 0x0000000100000000)
  eden space 200192K, 100% used [0x00000000eab00000,0x00000000f6e80000,0x00000000f6e80000)
  from space 59904K, 39% used [0x00000000fb500000,0x00000000fcc37c08,0x00000000fef80000)
  to   space 72192K, 0% used [0x00000000f6e80000,0x00000000f6e80000,0x00000000fb500000)
 ParOldGen       total 223744K, used 106380K [0x00000000c0000000, 0x00000000cda80000, 0x00000000eab00000)
  object space 223744K, 47% used [0x00000000c0000000,0x00000000c67e3038,0x00000000cda80000)
 Metaspace       used 96097K, capacity 102813K, committed 104360K, reserved 1138688K
  class space    used 13002K, capacity 15428K, committed 16040K, reserved 1048576K
Event: 1109.817 GC heap after
Heap after GC invocations=31 (full 6):
 PSYoungGen      total 272384K, used 47764K [0x00000000eab00000, 0x0000000100000000, 0x0000000100000000)
  eden space 200192K, 0% used [0x00000000eab00000,0x00000000eab00000,0x00000000f6e80000)
  from space 72192K, 66% used [0x00000000f6e80000,0x00000000f9d252b0,0x00000000fb500000)
  to   space 74752K, 0% used [0x00000000fb700000,0x00000000fb700000,0x0000000100000000)
 ParOldGen       total 223744K, used 106388K [0x00000000c0000000, 0x00000000cda80000, 0x00000000eab00000)
  object space 223744K, 47% used [0x00000000c0000000,0x00000000c67e5038,0x00000000cda80000)
 Metaspace       used 96097K, capacity 102813K, committed 104360K, reserved 1138688K
  class space    used 13002K, capacity 15428K, committed 16040K, reserved 1048576K
}
Event: 1131.502 GC heap before
{Heap before GC invocations=32 (full 6):
 PSYoungGen      total 272384K, used 161756K [0x00000000eab00000, 0x0000000100000000, 0x0000000100000000)
  eden space 200192K, 56% used [0x00000000eab00000,0x00000000f1a52048,0x00000000f6e80000)
  from space 72192K, 66% used [0x00000000f6e80000,0x00000000f9d252b0,0x00000000fb500000)
  to   space 74752K, 0% used [0x00000000fb700000,0x00000000fb700000,0x0000000100000000)
 ParOldGen       total 223744K, used 106388K [0x00000000c0000000, 0x00000000cda80000, 0x00000000eab00000)
  object space 223744K, 47% used [0x00000000c0000000,0x00000000c67e5038,0x00000000cda80000)
 Metaspace       used 98140K, capacity 104923K, committed 106408K, reserved 1138688K
  class space    used 13292K, capacity 15745K, committed 16296K, reserved 1048576K
Event: 1131.538 GC heap after
Heap after GC invocations=32 (full 6):
 PSYoungGen      total 277504K, used 33853K [0x00000000eab00000, 0x0000000100000000, 0x0000000100000000)
  eden space 202752K, 0% used [0x00000000eab00000,0x00000000eab00000,0x00000000f7100000)
  from space 74752K, 45% used [0x00000000fb700000,0x00000000fd80f460,0x0000000100000000)
  to   space 71680K, 0% used [0x00000000f7100000,0x00000000f7100000,0x00000000fb700000)
 ParOldGen       total 223744K, used 106396K [0x00000000c0000000, 0x00000000cda80000, 0x00000000eab00000)
  object space 223744K, 47% used [0x00000000c0000000,0x00000000c67e7038,0x00000000cda80000)
 Metaspace       used 98140K, capacity 104923K, committed 106408K, reserved 1138688K
  class space    used 13292K, capacity 15745K, committed 16296K, reserved 1048576K
}
Event: 1131.538 GC heap before
{Heap before GC invocations=33 (full 7):
 PSYoungGen      total 277504K, used 33853K [0x00000000eab00000, 0x0000000100000000, 0x0000000100000000)
  eden space 202752K, 0% used [0x00000000eab00000,0x00000000eab00000,0x00000000f7100000)
  from space 74752K, 45% used [0x00000000fb700000,0x00000000fd80f460,0x0000000100000000)
  to   space 71680K, 0% used [0x00000000f7100000,0x00000000f7100000,0x00000000fb700000)
 ParOldGen       total 223744K, used 106396K [0x00000000c0000000, 0x00000000cda80000, 0x00000000eab00000)
  object space 223744K, 47% used [0x00000000c0000000,0x00000000c67e7038,0x00000000cda80000)
 Metaspace       used 98140K, capacity 104923K, committed 106408K, reserved 1138688K
  class space    used 13292K, capacity 15745K, committed 16296K, reserved 1048576K
Event: 1132.266 GC heap after
Heap after GC invocations=33 (full 7):
 PSYoungGen      total 277504K, used 0K [0x00000000eab00000, 0x0000000100000000, 0x0000000100000000)
  eden space 202752K, 0% used [0x00000000eab00000,0x00000000eab00000,0x00000000f7100000)
  from space 74752K, 0% used [0x00000000fb700000,0x00000000fb700000,0x0000000100000000)
  to   space 71680K, 0% used [0x00000000f7100000,0x00000000f7100000,0x00000000fb700000)
 ParOldGen       total 223744K, used 132786K [0x00000000c0000000, 0x00000000cda80000, 0x00000000eab00000)
  object space 223744K, 59% used [0x00000000c0000000,0x00000000c81ac890,0x00000000cda80000)
 Metaspace       used 98107K, capacity 104809K, committed 106408K, reserved 1138688K
  class space    used 13284K, capacity 15711K, committed 16296K, reserved 1048576K
}
Event: 1184.738 GC heap before
{Heap before GC invocations=34 (full 7):
 PSYoungGen      total 277504K, used 202752K [0x00000000eab00000, 0x0000000100000000, 0x0000000100000000)
  eden space 202752K, 100% used [0x00000000eab00000,0x00000000f7100000,0x00000000f7100000)
  from space 74752K, 0% used [0x00000000fb700000,0x00000000fb700000,0x0000000100000000)
  to   space 71680K, 0% used [0x00000000f7100000,0x00000000f7100000,0x00000000fb700000)
 ParOldGen       total 223744K, used 132786K [0x00000000c0000000, 0x00000000cda80000, 0x00000000eab00000)
  object space 223744K, 59% used [0x00000000c0000000,0x00000000c81ac890,0x00000000cda80000)
 Metaspace       used 104285K, capacity 111730K, committed 112808K, reserved 1144832K
  class space    used 14199K, capacity 16904K, committed 17320K, reserved 1048576K
Event: 1184.754 GC heap after
Heap after GC invocations=34 (full 7):
 PSYoungGen      total 225792K, used 22919K [0x00000000eab00000, 0x00000000ff800000, 0x0000000100000000)
  eden space 202752K, 0% used [0x00000000eab00000,0x00000000eab00000,0x00000000f7100000)
  from space 23040K, 99% used [0x00000000f7100000,0x00000000f8761cd0,0x00000000f8780000)
  to   space 69120K, 0% used [0x00000000fb480000,0x00000000fb480000,0x00000000ff800000)
 ParOldGen       total 223744K, used 132794K [0x00000000c0000000, 0x00000000cda80000, 0x00000000eab00000)
  object space 223744K, 59% used [0x00000000c0000000,0x00000000c81ae890,0x00000000cda80000)
 Metaspace       used 104285K, capacity 111730K, committed 112808K, reserved 1144832K
  class space    used 14199K, capacity 16904K, committed 17320K, reserved 1048576K
}

