# JRE version: Java(TM) SE Runtime Environment (8.0_20-b26) (build 1.8.0_20-b26)
# Java VM: Java HotSpot(TM) 64-Bit Server VM (25.20-b23 mixed mode windows-amd64 compressed oops)
Heap:
 PSYoungGen      total 164864K, used 11324K [0x00000000eab00000, 0x00000000faa80000, 0x0000000100000000)
  eden space 146432K, 7% used [0x00000000eab00000,0x00000000eb60f010,0x00000000f3a00000)
  from space 18432K, 0% used [0x00000000f3a00000,0x00000000f3a00000,0x00000000f4c00000)
  to   space 18944K, 0% used [0x00000000f9800000,0x00000000f9800000,0x00000000faa80000)
 ParOldGen       total 89088K, used 24149K [0x00000000c0000000, 0x00000000c5700000, 0x00000000eab00000)
  object space 89088K, 27% used [0x00000000c0000000,0x00000000c17957b0,0x00000000c5700000)
 Metaspace       used 35465K, capacity 36558K, committed 36736K, reserved 1081344K
  class space    used 4704K, capacity 5155K, committed 5248K, reserved 1048576K
GC Heap History (10 events):
Event: 5.966 GC heap before
{Heap before GC invocations=7 (full 1):
 PSYoungGen      total 71680K, used 66366K [0x00000000eab00000, 0x00000000f2480000, 0x0000000100000000)
  eden space 66560K, 98% used [0x00000000eab00000,0x00000000eeb3f968,0x00000000eec00000)
  from space 5120K, 11% used [0x00000000eec00000,0x00000000eec90020,0x00000000ef100000)
  to   space 11264K, 0% used [0x00000000f1980000,0x00000000f1980000,0x00000000f2480000)
 ParOldGen       total 60928K, used 8275K [0x00000000c0000000, 0x00000000c3b80000, 0x00000000eab00000)
  object space 60928K, 13% used [0x00000000c0000000,0x00000000c0814fa8,0x00000000c3b80000)
 Metaspace       used 22315K, capacity 22830K, committed 22912K, reserved 1069056K
  class space    used 2959K, capacity 3131K, committed 3200K, reserved 1048576K
Event: 5.971 GC heap after
Heap after GC invocations=7 (full 1):
 PSYoungGen      total 112128K, used 3848K [0x00000000eab00000, 0x00000000f2380000, 0x0000000100000000)
  eden space 101888K, 0% used [0x00000000eab00000,0x00000000eab00000,0x00000000f0e80000)
  from space 10240K, 37% used [0x00000000f1980000,0x00000000f1d42148,0x00000000f2380000)
  to   space 10752K, 0% used [0x00000000f0e80000,0x00000000f0e80000,0x00000000f1900000)
 ParOldGen       total 60928K, used 8283K [0x00000000c0000000, 0x00000000c3b80000, 0x00000000eab00000)
  object space 60928K, 13% used [0x00000000c0000000,0x00000000c0816fa8,0x00000000c3b80000)
 Metaspace       used 22315K, capacity 22830K, committed 22912K, reserved 1069056K
  class space    used 2959K, capacity 3131K, committed 3200K, reserved 1048576K
}
Event: 8.896 GC heap before
{Heap before GC invocations=8 (full 1):
 PSYoungGen      total 112128K, used 105736K [0x00000000eab00000, 0x00000000f2380000, 0x0000000100000000)
  eden space 101888K, 100% used [0x00000000eab00000,0x00000000f0e80000,0x00000000f0e80000)
  from space 10240K, 37% used [0x00000000f1980000,0x00000000f1d42148,0x00000000f2380000)
  to   space 10752K, 0% used [0x00000000f0e80000,0x00000000f0e80000,0x00000000f1900000)
 ParOldGen       total 60928K, used 8283K [0x00000000c0000000, 0x00000000c3b80000, 0x00000000eab00000)
  object space 60928K, 13% used [0x00000000c0000000,0x00000000c0816fa8,0x00000000c3b80000)
 Metaspace       used 28693K, capacity 29456K, committed 29696K, reserved 1075200K
  class space    used 3714K, capacity 4035K, committed 4096K, reserved 1048576K
Event: 8.911 GC heap after
Heap after GC invocations=8 (full 1):
 PSYoungGen      total 112640K, used 10735K [0x00000000eab00000, 0x00000000f5880000, 0x0000000100000000)
  eden space 101888K, 0% used [0x00000000eab00000,0x00000000eab00000,0x00000000f0e80000)
  from space 10752K, 99% used [0x00000000f0e80000,0x00000000f18fbff0,0x00000000f1900000)
  to   space 12800K, 0% used [0x00000000f4c00000,0x00000000f4c00000,0x00000000f5880000)
 ParOldGen       total 60928K, used 8611K [0x00000000c0000000, 0x00000000c3b80000, 0x00000000eab00000)
  object space 60928K, 14% used [0x00000000c0000000,0x00000000c0868fb8,0x00000000c3b80000)
 Metaspace       used 28693K, capacity 29456K, committed 29696K, reserved 1075200K
  class space    used 3714K, capacity 4035K, committed 4096K, reserved 1048576K
}
Event: 11.254 GC heap before
{Heap before GC invocations=9 (full 1):
 PSYoungGen      total 112640K, used 112623K [0x00000000eab00000, 0x00000000f5880000, 0x0000000100000000)
  eden space 101888K, 100% used [0x00000000eab00000,0x00000000f0e80000,0x00000000f0e80000)
  from space 10752K, 99% used [0x00000000f0e80000,0x00000000f18fbff0,0x00000000f1900000)
  to   space 12800K, 0% used [0x00000000f4c00000,0x00000000f4c00000,0x00000000f5880000)
 ParOldGen       total 60928K, used 8611K [0x00000000c0000000, 0x00000000c3b80000, 0x00000000eab00000)
  object space 60928K, 14% used [0x00000000c0000000,0x00000000c0868fb8,0x00000000c3b80000)
 Metaspace       used 33506K, capacity 34540K, committed 34688K, reserved 1079296K
  class space    used 4463K, capacity 4890K, committed 4992K, reserved 1048576K
Event: 11.274 GC heap after
Heap after GC invocations=9 (full 1):
 PSYoungGen      total 159232K, used 12788K [0x00000000eab00000, 0x00000000f6380000, 0x0000000100000000)
  eden space 146432K, 0% used [0x00000000eab00000,0x00000000eab00000,0x00000000f3a00000)
  from space 12800K, 99% used [0x00000000f4c00000,0x00000000f587d040,0x00000000f5880000)
  to   space 18432K, 0% used [0x00000000f3a00000,0x00000000f3a00000,0x00000000f4c00000)
 ParOldGen       total 60928K, used 16432K [0x00000000c0000000, 0x00000000c3b80000, 0x00000000eab00000)
  object space 60928K, 26% used [0x00000000c0000000,0x00000000c100c3e8,0x00000000c3b80000)
 Metaspace       used 33506K, capacity 34540K, committed 34688K, reserved 1079296K
  class space    used 4463K, capacity 4890K, committed 4992K, reserved 1048576K
}
Event: 11.338 GC heap before
{Heap before GC invocations=10 (full 1):
 PSYoungGen      total 159232K, used 15673K [0x00000000eab00000, 0x00000000f6380000, 0x0000000100000000)
  eden space 146432K, 1% used [0x00000000eab00000,0x00000000eadd16e8,0x00000000f3a00000)
  from space 12800K, 99% used [0x00000000f4c00000,0x00000000f587d040,0x00000000f5880000)
  to   space 18432K, 0% used [0x00000000f3a00000,0x00000000f3a00000,0x00000000f4c00000)
 ParOldGen       total 60928K, used 16432K [0x00000000c0000000, 0x00000000c3b80000, 0x00000000eab00000)
  object space 60928K, 26% used [0x00000000c0000000,0x00000000c100c3e8,0x00000000c3b80000)
 Metaspace       used 34337K, capacity 35408K, committed 35456K, reserved 1079296K
  class space    used 4559K, capacity 4990K, committed 4992K, reserved 1048576K
Event: 11.357 GC heap after
Heap after GC invocations=10 (full 1):
 PSYoungGen      total 164864K, used 11648K [0x00000000eab00000, 0x00000000faa80000, 0x0000000100000000)
  eden space 146432K, 0% used [0x00000000eab00000,0x00000000eab00000,0x00000000f3a00000)
  from space 18432K, 63% used [0x00000000f3a00000,0x00000000f4560010,0x00000000f4c00000)
  to   space 18944K, 0% used [0x00000000f9800000,0x00000000f9800000,0x00000000faa80000)
 ParOldGen       total 60928K, used 18065K [0x00000000c0000000, 0x00000000c3b80000, 0x00000000eab00000)
  object space 60928K, 29% used [0x00000000c0000000,0x00000000c11a4428,0x00000000c3b80000)
 Metaspace       used 34337K, capacity 35408K, committed 35456K, reserved 1079296K
  class space    used 4559K, capacity 4990K, committed 4992K, reserved 1048576K
}
Event: 11.357 GC heap before
{Heap before GC invocations=11 (full 2):
 PSYoungGen      total 164864K, used 11648K [0x00000000eab00000, 0x00000000faa80000, 0x0000000100000000)
  eden space 146432K, 0% used [0x00000000eab00000,0x00000000eab00000,0x00000000f3a00000)
  from space 18432K, 63% used [0x00000000f3a00000,0x00000000f4560010,0x00000000f4c00000)
  to   space 18944K, 0% used [0x00000000f9800000,0x00000000f9800000,0x00000000faa80000)
 ParOldGen       total 60928K, used 18065K [0x00000000c0000000, 0x00000000c3b80000, 0x00000000eab00000)
  object space 60928K, 29% used [0x00000000c0000000,0x00000000c11a4428,0x00000000c3b80000)
 Metaspace       used 34337K, capacity 35408K, committed 35456K, reserved 1079296K
  class space    used 4559K, capacity 4990K, committed 4992K, reserved 1048576K
Event: 11.507 GC heap after
Heap after GC invocations=11 (full 2):
 PSYoungGen      total 164864K, used 0K [0x00000000eab00000, 0x00000000faa80000, 0x0000000100000000)
  eden space 146432K, 0% used [0x00000000eab00000,0x00000000eab00000,0x00000000f3a00000)
  from space 18432K, 0% used [0x00000000f3a00000,0x00000000f3a00000,0x00000000f4c00000)
  to   space 18944K, 0% used [0x00000000f9800000,0x00000000f9800000,0x00000000faa80000)
 ParOldGen       total 89088K, used 24149K [0x00000000c0000000, 0x00000000c5700000, 0x00000000eab00000)
  object space 89088K, 27% used [0x00000000c0000000,0x00000000c17957b0,0x00000000c5700000)
 Metaspace       used 34337K, capacity 35408K, committed 35456K, reserved 1079296K
  class space    used 4559K, capacity 4990K, committed 4992K, reserved 1048576K
}

