# JRE version: Java(TM) SE Runtime Environment (8.0_20-b26) (build 1.8.0_20-b26)
# Java VM: Java HotSpot(TM) 64-Bit Server VM (25.20-b23 mixed mode windows-amd64 compressed oops)
Heap:
 PSYoungGen      total 99840K, used 11517K [0x00000000eab00000, 0x00000000f3e00000, 0x0000000100000000)
  eden space 83968K, 13% used [0x00000000eab00000,0x00000000eb63f4d0,0x00000000efd00000)
  from space 15872K, 0% used [0x00000000efd00000,0x00000000efd00000,0x00000000f0c80000)
  to   space 19456K, 0% used [0x00000000f2b00000,0x00000000f2b00000,0x00000000f3e00000)
 ParOldGen       total 111616K, used 24792K [0x00000000c0000000, 0x00000000c6d00000, 0x00000000eab00000)
  object space 111616K, 22% used [0x00000000c0000000,0x00000000c1836128,0x00000000c6d00000)
 Metaspace       used 35462K, capacity 36616K, committed 36736K, reserved 1081344K
  class space    used 4701K, capacity 5153K, committed 5248K, reserved 1048576K
GC Heap History (10 events):
Event: 3.959 GC heap before
{Heap before GC invocations=9 (full 1):
 PSYoungGen      total 58880K, used 48672K [0x00000000eab00000, 0x00000000f0500000, 0x0000000100000000)
  eden space 47616K, 100% used [0x00000000eab00000,0x00000000ed980000,0x00000000ed980000)
  from space 11264K, 9% used [0x00000000ed980000,0x00000000eda88030,0x00000000ee480000)
  to   space 11264K, 0% used [0x00000000efa00000,0x00000000efa00000,0x00000000f0500000)
 ParOldGen       total 63488K, used 7923K [0x00000000c0000000, 0x00000000c3e00000, 0x00000000eab00000)
  object space 63488K, 12% used [0x00000000c0000000,0x00000000c07bcc78,0x00000000c3e00000)
 Metaspace       used 23976K, capacity 24456K, committed 24576K, reserved 1071104K
  class space    used 3125K, capacity 3301K, committed 3328K, reserved 1048576K
Event: 3.966 GC heap after
Heap after GC invocations=9 (full 1):
 PSYoungGen      total 79872K, used 6594K [0x00000000eab00000, 0x00000000f0480000, 0x0000000100000000)
  eden space 69120K, 0% used [0x00000000eab00000,0x00000000eab00000,0x00000000eee80000)
  from space 10752K, 61% used [0x00000000efa00000,0x00000000f00709d0,0x00000000f0480000)
  to   space 11264K, 0% used [0x00000000eee80000,0x00000000eee80000,0x00000000ef980000)
 ParOldGen       total 63488K, used 7931K [0x00000000c0000000, 0x00000000c3e00000, 0x00000000eab00000)
  object space 63488K, 12% used [0x00000000c0000000,0x00000000c07bec78,0x00000000c3e00000)
 Metaspace       used 23976K, capacity 24456K, committed 24576K, reserved 1071104K
  class space    used 3125K, capacity 3301K, committed 3328K, reserved 1048576K
}
Event: 4.831 GC heap before
{Heap before GC invocations=10 (full 1):
 PSYoungGen      total 79872K, used 75714K [0x00000000eab00000, 0x00000000f0480000, 0x0000000100000000)
  eden space 69120K, 100% used [0x00000000eab00000,0x00000000eee80000,0x00000000eee80000)
  from space 10752K, 61% used [0x00000000efa00000,0x00000000f00709d0,0x00000000f0480000)
  to   space 11264K, 0% used [0x00000000eee80000,0x00000000eee80000,0x00000000ef980000)
 ParOldGen       total 63488K, used 7931K [0x00000000c0000000, 0x00000000c3e00000, 0x00000000eab00000)
  object space 63488K, 12% used [0x00000000c0000000,0x00000000c07bec78,0x00000000c3e00000)
 Metaspace       used 28240K, capacity 28854K, committed 29056K, reserved 1075200K
  class space    used 3670K, capacity 3926K, committed 3968K, reserved 1048576K
Event: 4.839 GC heap after
Heap after GC invocations=10 (full 1):
 PSYoungGen      total 80384K, used 9287K [0x00000000eab00000, 0x00000000f1900000, 0x0000000100000000)
  eden space 69120K, 0% used [0x00000000eab00000,0x00000000eab00000,0x00000000eee80000)
  from space 11264K, 82% used [0x00000000eee80000,0x00000000ef791fe8,0x00000000ef980000)
  to   space 12800K, 0% used [0x00000000f0c80000,0x00000000f0c80000,0x00000000f1900000)
 ParOldGen       total 63488K, used 7939K [0x00000000c0000000, 0x00000000c3e00000, 0x00000000eab00000)
  object space 63488K, 12% used [0x00000000c0000000,0x00000000c07c0c78,0x00000000c3e00000)
 Metaspace       used 28240K, capacity 28854K, committed 29056K, reserved 1075200K
  class space    used 3670K, capacity 3926K, committed 3968K, reserved 1048576K
}
Event: 5.579 GC heap before
{Heap before GC invocations=11 (full 1):
 PSYoungGen      total 80384K, used 78407K [0x00000000eab00000, 0x00000000f1900000, 0x0000000100000000)
  eden space 69120K, 100% used [0x00000000eab00000,0x00000000eee80000,0x00000000eee80000)
  from space 11264K, 82% used [0x00000000eee80000,0x00000000ef791fe8,0x00000000ef980000)
  to   space 12800K, 0% used [0x00000000f0c80000,0x00000000f0c80000,0x00000000f1900000)
 ParOldGen       total 63488K, used 7939K [0x00000000c0000000, 0x00000000c3e00000, 0x00000000eab00000)
  object space 63488K, 12% used [0x00000000c0000000,0x00000000c07c0c78,0x00000000c3e00000)
 Metaspace       used 32143K, capacity 33012K, committed 33280K, reserved 1077248K
  class space    used 4217K, capacity 4546K, committed 4608K, reserved 1048576K
Event: 5.596 GC heap after
Heap after GC invocations=11 (full 1):
 PSYoungGen      total 96768K, used 12788K [0x00000000eab00000, 0x00000000f2100000, 0x0000000100000000)
  eden space 83968K, 0% used [0x00000000eab00000,0x00000000eab00000,0x00000000efd00000)
  from space 12800K, 99% used [0x00000000f0c80000,0x00000000f18fd040,0x00000000f1900000)
  to   space 15872K, 0% used [0x00000000efd00000,0x00000000efd00000,0x00000000f0c80000)
 ParOldGen       total 63488K, used 11507K [0x00000000c0000000, 0x00000000c3e00000, 0x00000000eab00000)
  object space 63488K, 18% used [0x00000000c0000000,0x00000000c0b3cc88,0x00000000c3e00000)
 Metaspace       used 32143K, capacity 33012K, committed 33280K, reserved 1077248K
  class space    used 4217K, capacity 4546K, committed 4608K, reserved 1048576K
}
Event: 6.066 GC heap before
{Heap before GC invocations=12 (full 1):
 PSYoungGen      total 96768K, used 52170K [0x00000000eab00000, 0x00000000f2100000, 0x0000000100000000)
  eden space 83968K, 46% used [0x00000000eab00000,0x00000000ed1758a8,0x00000000efd00000)
  from space 12800K, 99% used [0x00000000f0c80000,0x00000000f18fd040,0x00000000f1900000)
  to   space 15872K, 0% used [0x00000000efd00000,0x00000000efd00000,0x00000000f0c80000)
 ParOldGen       total 63488K, used 11507K [0x00000000c0000000, 0x00000000c3e00000, 0x00000000eab00000)
  object space 63488K, 18% used [0x00000000c0000000,0x00000000c0b3cc88,0x00000000c3e00000)
 Metaspace       used 34282K, capacity 35402K, committed 35456K, reserved 1079296K
  class space    used 4547K, capacity 4988K, committed 4992K, reserved 1048576K
Event: 6.081 GC heap after
Heap after GC invocations=12 (full 1):
 PSYoungGen      total 99840K, used 15863K [0x00000000eab00000, 0x00000000f3e00000, 0x0000000100000000)
  eden space 83968K, 0% used [0x00000000eab00000,0x00000000eab00000,0x00000000efd00000)
  from space 15872K, 99% used [0x00000000efd00000,0x00000000f0c7ded8,0x00000000f0c80000)
  to   space 19456K, 0% used [0x00000000f2b00000,0x00000000f2b00000,0x00000000f3e00000)
 ParOldGen       total 63488K, used 13398K [0x00000000c0000000, 0x00000000c3e00000, 0x00000000eab00000)
  object space 63488K, 21% used [0x00000000c0000000,0x00000000c0d15ae0,0x00000000c3e00000)
 Metaspace       used 34282K, capacity 35402K, committed 35456K, reserved 1079296K
  class space    used 4547K, capacity 4988K, committed 4992K, reserved 1048576K
}
Event: 6.081 GC heap before
{Heap before GC invocations=13 (full 2):
 PSYoungGen      total 99840K, used 15863K [0x00000000eab00000, 0x00000000f3e00000, 0x0000000100000000)
  eden space 83968K, 0% used [0x00000000eab00000,0x00000000eab00000,0x00000000efd00000)
  from space 15872K, 99% used [0x00000000efd00000,0x00000000f0c7ded8,0x00000000f0c80000)
  to   space 19456K, 0% used [0x00000000f2b00000,0x00000000f2b00000,0x00000000f3e00000)
 ParOldGen       total 63488K, used 13398K [0x00000000c0000000, 0x00000000c3e00000, 0x00000000eab00000)
  object space 63488K, 21% used [0x00000000c0000000,0x00000000c0d15ae0,0x00000000c3e00000)
 Metaspace       used 34282K, capacity 35402K, committed 35456K, reserved 1079296K
  class space    used 4547K, capacity 4988K, committed 4992K, reserved 1048576K
Event: 6.211 GC heap after
Heap after GC invocations=13 (full 2):
 PSYoungGen      total 99840K, used 0K [0x00000000eab00000, 0x00000000f3e00000, 0x0000000100000000)
  eden space 83968K, 0% used [0x00000000eab00000,0x00000000eab00000,0x00000000efd00000)
  from space 15872K, 0% used [0x00000000efd00000,0x00000000efd00000,0x00000000f0c80000)
  to   space 19456K, 0% used [0x00000000f2b00000,0x00000000f2b00000,0x00000000f3e00000)
 ParOldGen       total 111616K, used 24792K [0x00000000c0000000, 0x00000000c6d00000, 0x00000000eab00000)
  object space 111616K, 22% used [0x00000000c0000000,0x00000000c1836128,0x00000000c6d00000)
 Metaspace       used 34282K, capacity 35402K, committed 35456K, reserved 1079296K
  class space    used 4547K, capacity 4988K, committed 4992K, reserved 1048576K
}

