# JRE version: Java(TM) SE Runtime Environment (8.0_20-b26) (build 1.8.0_20-b26)
# Java VM: Java HotSpot(TM) 64-Bit Server VM (25.20-b23 mixed mode windows-amd64 compressed oops)
Heap:
 PSYoungGen      total 261120K, used 82060K [0x00000000eab00000, 0x0000000100000000, 0x0000000100000000)
  eden space 176640K, 41% used [0x00000000eab00000,0x00000000ef2f3150,0x00000000f5780000)
  from space 84480K, 9% used [0x00000000fa900000,0x00000000fb1300b0,0x00000000ffb80000)
  to   space 83456K, 0% used [0x00000000f5780000,0x00000000f5780000,0x00000000fa900000)
 ParOldGen       total 553984K, used 121526K [0x00000000c0000000, 0x00000000e1d00000, 0x00000000eab00000)
  object space 553984K, 21% used [0x00000000c0000000,0x00000000c76adb60,0x00000000e1d00000)
 Metaspace       used 87845K, capacity 93783K, committed 247976K, reserved 1247232K
  class space    used 11648K, capacity 13550K, committed 49320K, reserved 1048576K
GC Heap History (10 events):
Event: 3262.088 GC heap before
{Heap before GC invocations=110 (full 19):
 PSYoungGen      total 265216K, used 137264K [0x00000000eab00000, 0x0000000100000000, 0x0000000100000000)
  eden space 187904K, 44% used [0x00000000eab00000,0x00000000efca9e00,0x00000000f6280000)
  from space 77312K, 69% used [0x00000000fb000000,0x00000000fe462548,0x00000000ffb80000)
  to   space 79360K, 0% used [0x00000000f6280000,0x00000000f6280000,0x00000000fb000000)
 ParOldGen       total 553984K, used 277299K [0x00000000c0000000, 0x00000000e1d00000, 0x00000000eab00000)
  object space 553984K, 50% used [0x00000000c0000000,0x00000000d0eccda0,0x00000000e1d00000)
 Metaspace       used 107489K, capacity 116991K, committed 268456K, reserved 1267712K
  class space    used 14863K, capacity 18034K, committed 49320K, reserved 1048576K
Event: 3262.117 GC heap after
Heap after GC invocations=110 (full 19):
 PSYoungGen      total 267264K, used 56773K [0x00000000eab00000, 0x0000000100000000, 0x0000000100000000)
  eden space 187904K, 0% used [0x00000000eab00000,0x00000000eab00000,0x00000000f6280000)
  from space 79360K, 71% used [0x00000000f6280000,0x00000000f99f1550,0x00000000fb000000)
  to   space 81920K, 0% used [0x00000000fb000000,0x00000000fb000000,0x0000000100000000)
 ParOldGen       total 553984K, used 277299K [0x00000000c0000000, 0x00000000e1d00000, 0x00000000eab00000)
  object space 553984K, 50% used [0x00000000c0000000,0x00000000d0eccda0,0x00000000e1d00000)
 Metaspace       used 107489K, capacity 116991K, committed 268456K, reserved 1267712K
  class space    used 14863K, capacity 18034K, committed 49320K, reserved 1048576K
}
Event: 3262.117 GC heap before
{Heap before GC invocations=111 (full 20):
 PSYoungGen      total 267264K, used 56773K [0x00000000eab00000, 0x0000000100000000, 0x0000000100000000)
  eden space 187904K, 0% used [0x00000000eab00000,0x00000000eab00000,0x00000000f6280000)
  from space 79360K, 71% used [0x00000000f6280000,0x00000000f99f1550,0x00000000fb000000)
  to   space 81920K, 0% used [0x00000000fb000000,0x00000000fb000000,0x0000000100000000)
 ParOldGen       total 553984K, used 277299K [0x00000000c0000000, 0x00000000e1d00000, 0x00000000eab00000)
  object space 553984K, 50% used [0x00000000c0000000,0x00000000d0eccda0,0x00000000e1d00000)
 Metaspace       used 107489K, capacity 116991K, committed 268456K, reserved 1267712K
  class space    used 14863K, capacity 18034K, committed 49320K, reserved 1048576K
Event: 3262.601 GC heap after
Heap after GC invocations=111 (full 20):
 PSYoungGen      total 267264K, used 0K [0x00000000eab00000, 0x0000000100000000, 0x0000000100000000)
  eden space 187904K, 0% used [0x00000000eab00000,0x00000000eab00000,0x00000000f6280000)
  from space 79360K, 0% used [0x00000000f6280000,0x00000000f6280000,0x00000000fb000000)
  to   space 81920K, 0% used [0x00000000fb000000,0x00000000fb000000,0x0000000100000000)
 ParOldGen       total 553984K, used 121526K [0x00000000c0000000, 0x00000000e1d00000, 0x00000000eab00000)
  object space 553984K, 21% used [0x00000000c0000000,0x00000000c76adb60,0x00000000e1d00000)
 Metaspace       used 81706K, capacity 86733K, committed 247976K, reserved 1247232K
  class space    used 10810K, capacity 12356K, committed 49320K, reserved 1048576K
}
Event: 4616.600 GC heap before
{Heap before GC invocations=112 (full 20):
 PSYoungGen      total 267264K, used 187904K [0x00000000eab00000, 0x0000000100000000, 0x0000000100000000)
  eden space 187904K, 100% used [0x00000000eab00000,0x00000000f6280000,0x00000000f6280000)
  from space 79360K, 0% used [0x00000000f6280000,0x00000000f6280000,0x00000000fb000000)
  to   space 81920K, 0% used [0x00000000fb000000,0x00000000fb000000,0x0000000100000000)
 ParOldGen       total 553984K, used 121526K [0x00000000c0000000, 0x00000000e1d00000, 0x00000000eab00000)
  object space 553984K, 21% used [0x00000000c0000000,0x00000000c76adb60,0x00000000e1d00000)
 Metaspace       used 81921K, capacity 87217K, committed 247976K, reserved 1247232K
  class space    used 10852K, capacity 12476K, committed 49320K, reserved 1048576K
Event: 4616.609 GC heap after
Heap after GC invocations=112 (full 20):
 PSYoungGen      total 262144K, used 2592K [0x00000000eab00000, 0x0000000100000000, 0x0000000100000000)
  eden space 180224K, 0% used [0x00000000eab00000,0x00000000eab00000,0x00000000f5b00000)
  from space 81920K, 3% used [0x00000000fb000000,0x00000000fb288000,0x0000000100000000)
  to   space 84480K, 0% used [0x00000000f5b00000,0x00000000f5b00000,0x00000000fad80000)
 ParOldGen       total 553984K, used 121526K [0x00000000c0000000, 0x00000000e1d00000, 0x00000000eab00000)
  object space 553984K, 21% used [0x00000000c0000000,0x00000000c76adb60,0x00000000e1d00000)
 Metaspace       used 81921K, capacity 87217K, committed 247976K, reserved 1247232K
  class space    used 10852K, capacity 12476K, committed 49320K, reserved 1048576K
}
Event: 4618.740 GC heap before
{Heap before GC invocations=113 (full 20):
 PSYoungGen      total 262144K, used 182816K [0x00000000eab00000, 0x0000000100000000, 0x0000000100000000)
  eden space 180224K, 100% used [0x00000000eab00000,0x00000000f5b00000,0x00000000f5b00000)
  from space 81920K, 3% used [0x00000000fb000000,0x00000000fb288000,0x0000000100000000)
  to   space 84480K, 0% used [0x00000000f5b00000,0x00000000f5b00000,0x00000000fad80000)
 ParOldGen       total 553984K, used 121526K [0x00000000c0000000, 0x00000000e1d00000, 0x00000000eab00000)
  object space 553984K, 21% used [0x00000000c0000000,0x00000000c76adb60,0x00000000e1d00000)
 Metaspace       used 83001K, capacity 88737K, committed 247976K, reserved 1247232K
  class space    used 10998K, capacity 12836K, committed 49320K, reserved 1048576K
Event: 4618.751 GC heap after
Heap after GC invocations=113 (full 20):
 PSYoungGen      total 184320K, used 8638K [0x00000000eab00000, 0x00000000ffb80000, 0x0000000100000000)
  eden space 175616K, 0% used [0x00000000eab00000,0x00000000eab00000,0x00000000f5680000)
  from space 8704K, 99% used [0x00000000f5b00000,0x00000000f636fab8,0x00000000f6380000)
  to   space 84480K, 0% used [0x00000000fa900000,0x00000000fa900000,0x00000000ffb80000)
 ParOldGen       total 553984K, used 121526K [0x00000000c0000000, 0x00000000e1d00000, 0x00000000eab00000)
  object space 553984K, 21% used [0x00000000c0000000,0x00000000c76adb60,0x00000000e1d00000)
 Metaspace       used 83001K, capacity 88737K, committed 247976K, reserved 1247232K
  class space    used 10998K, capacity 12836K, committed 49320K, reserved 1048576K
}
Event: 4619.438 GC heap before
{Heap before GC invocations=114 (full 20):
 PSYoungGen      total 184320K, used 184254K [0x00000000eab00000, 0x00000000ffb80000, 0x0000000100000000)
  eden space 175616K, 100% used [0x00000000eab00000,0x00000000f5680000,0x00000000f5680000)
  from space 8704K, 99% used [0x00000000f5b00000,0x00000000f636fab8,0x00000000f6380000)
  to   space 84480K, 0% used [0x00000000fa900000,0x00000000fa900000,0x00000000ffb80000)
 ParOldGen       total 553984K, used 121526K [0x00000000c0000000, 0x00000000e1d00000, 0x00000000eab00000)
  object space 553984K, 21% used [0x00000000c0000000,0x00000000c76adb60,0x00000000e1d00000)
 Metaspace       used 83001K, capacity 88737K, committed 247976K, reserved 1247232K
  class space    used 10998K, capacity 12836K, committed 49320K, reserved 1048576K
Event: 4619.445 GC heap after
Heap after GC invocations=114 (full 20):
 PSYoungGen      total 261120K, used 8384K [0x00000000eab00000, 0x0000000100000000, 0x0000000100000000)
  eden space 176640K, 0% used [0x00000000eab00000,0x00000000eab00000,0x00000000f5780000)
  from space 84480K, 9% used [0x00000000fa900000,0x00000000fb1300b0,0x00000000ffb80000)
  to   space 83456K, 0% used [0x00000000f5780000,0x00000000f5780000,0x00000000fa900000)
 ParOldGen       total 553984K, used 121526K [0x00000000c0000000, 0x00000000e1d00000, 0x00000000eab00000)
  object space 553984K, 21% used [0x00000000c0000000,0x00000000c76adb60,0x00000000e1d00000)
 Metaspace       used 83001K, capacity 88737K, committed 247976K, reserved 1247232K
  class space    used 10998K, capacity 12836K, committed 49320K, reserved 1048576K
}

