# JRE version: Java(TM) SE Runtime Environment (8.0_20-b26) (build 1.8.0_20-b26)
# Java VM: Java HotSpot(TM) 64-Bit Server VM (25.20-b23 mixed mode windows-amd64 compressed oops)
Heap:
 PSYoungGen      total 162304K, used 11095K [0x00000000eab00000, 0x00000000f9b80000, 0x0000000100000000)
  eden space 144384K, 7% used [0x00000000eab00000,0x00000000eb5d5c98,0x00000000f3800000)
  from space 17920K, 0% used [0x00000000f3800000,0x00000000f3800000,0x00000000f4980000)
  to   space 18944K, 0% used [0x00000000f8900000,0x00000000f8900000,0x00000000f9b80000)
 ParOldGen       total 99840K, used 24484K [0x00000000c0000000, 0x00000000c6180000, 0x00000000eab00000)
  object space 99840K, 24% used [0x00000000c0000000,0x00000000c17e9048,0x00000000c6180000)
 Metaspace       used 35433K, capacity 36552K, committed 36736K, reserved 1081344K
  class space    used 4701K, capacity 5153K, committed 5248K, reserved 1048576K
GC Heap History (10 events):
Event: 7.459 GC heap before
{Heap before GC invocations=7 (full 1):
 PSYoungGen      total 71680K, used 66620K [0x00000000eab00000, 0x00000000f2500000, 0x0000000100000000)
  eden space 66560K, 98% used [0x00000000eab00000,0x00000000eeb3f138,0x00000000eec00000)
  from space 5120K, 16% used [0x00000000eec00000,0x00000000eecd0020,0x00000000ef100000)
  to   space 10752K, 0% used [0x00000000f1a80000,0x00000000f1a80000,0x00000000f2500000)
 ParOldGen       total 59392K, used 7986K [0x00000000c0000000, 0x00000000c3a00000, 0x00000000eab00000)
  object space 59392K, 13% used [0x00000000c0000000,0x00000000c07ccb40,0x00000000c3a00000)
 Metaspace       used 22328K, capacity 22830K, committed 22912K, reserved 1069056K
  class space    used 2959K, capacity 3131K, committed 3200K, reserved 1048576K
Event: 7.463 GC heap after
Heap after GC invocations=7 (full 1):
 PSYoungGen      total 108032K, used 3562K [0x00000000eab00000, 0x00000000f2200000, 0x0000000100000000)
  eden space 100352K, 0% used [0x00000000eab00000,0x00000000eab00000,0x00000000f0d00000)
  from space 7680K, 46% used [0x00000000f1a80000,0x00000000f1dfab98,0x00000000f2200000)
  to   space 10752K, 0% used [0x00000000f0d00000,0x00000000f0d00000,0x00000000f1780000)
 ParOldGen       total 59392K, used 7994K [0x00000000c0000000, 0x00000000c3a00000, 0x00000000eab00000)
  object space 59392K, 13% used [0x00000000c0000000,0x00000000c07ceb40,0x00000000c3a00000)
 Metaspace       used 22328K, capacity 22830K, committed 22912K, reserved 1069056K
  class space    used 2959K, capacity 3131K, committed 3200K, reserved 1048576K
}
Event: 10.402 GC heap before
{Heap before GC invocations=8 (full 1):
 PSYoungGen      total 108032K, used 103914K [0x00000000eab00000, 0x00000000f2200000, 0x0000000100000000)
  eden space 100352K, 100% used [0x00000000eab00000,0x00000000f0d00000,0x00000000f0d00000)
  from space 7680K, 46% used [0x00000000f1a80000,0x00000000f1dfab98,0x00000000f2200000)
  to   space 10752K, 0% used [0x00000000f0d00000,0x00000000f0d00000,0x00000000f1780000)
 ParOldGen       total 59392K, used 7994K [0x00000000c0000000, 0x00000000c3a00000, 0x00000000eab00000)
  object space 59392K, 13% used [0x00000000c0000000,0x00000000c07ceb40,0x00000000c3a00000)
 Metaspace       used 28222K, capacity 28854K, committed 29056K, reserved 1075200K
  class space    used 3670K, capacity 3926K, committed 3968K, reserved 1048576K
Event: 10.420 GC heap after
Heap after GC invocations=8 (full 1):
 PSYoungGen      total 111104K, used 10262K [0x00000000eab00000, 0x00000000f5580000, 0x0000000100000000)
  eden space 100352K, 0% used [0x00000000eab00000,0x00000000eab00000,0x00000000f0d00000)
  from space 10752K, 95% used [0x00000000f0d00000,0x00000000f1705b10,0x00000000f1780000)
  to   space 12288K, 0% used [0x00000000f4980000,0x00000000f4980000,0x00000000f5580000)
 ParOldGen       total 59392K, used 8066K [0x00000000c0000000, 0x00000000c3a00000, 0x00000000eab00000)
  object space 59392K, 13% used [0x00000000c0000000,0x00000000c07e0b50,0x00000000c3a00000)
 Metaspace       used 28222K, capacity 28854K, committed 29056K, reserved 1075200K
  class space    used 3670K, capacity 3926K, committed 3968K, reserved 1048576K
}
Event: 13.171 GC heap before
{Heap before GC invocations=9 (full 1):
 PSYoungGen      total 111104K, used 110614K [0x00000000eab00000, 0x00000000f5580000, 0x0000000100000000)
  eden space 100352K, 100% used [0x00000000eab00000,0x00000000f0d00000,0x00000000f0d00000)
  from space 10752K, 95% used [0x00000000f0d00000,0x00000000f1705b10,0x00000000f1780000)
  to   space 12288K, 0% used [0x00000000f4980000,0x00000000f4980000,0x00000000f5580000)
 ParOldGen       total 59392K, used 8066K [0x00000000c0000000, 0x00000000c3a00000, 0x00000000eab00000)
  object space 59392K, 13% used [0x00000000c0000000,0x00000000c07e0b50,0x00000000c3a00000)
 Metaspace       used 33017K, capacity 34012K, committed 34304K, reserved 1079296K
  class space    used 4376K, capacity 4775K, committed 4864K, reserved 1048576K
Event: 13.193 GC heap after
Heap after GC invocations=9 (full 1):
 PSYoungGen      total 156672K, used 12260K [0x00000000eab00000, 0x00000000f6100000, 0x0000000100000000)
  eden space 144384K, 0% used [0x00000000eab00000,0x00000000eab00000,0x00000000f3800000)
  from space 12288K, 99% used [0x00000000f4980000,0x00000000f5579060,0x00000000f5580000)
  to   space 17920K, 0% used [0x00000000f3800000,0x00000000f3800000,0x00000000f4980000)
 ParOldGen       total 59392K, used 16057K [0x00000000c0000000, 0x00000000c3a00000, 0x00000000eab00000)
  object space 59392K, 27% used [0x00000000c0000000,0x00000000c0fae710,0x00000000c3a00000)
 Metaspace       used 33017K, capacity 34012K, committed 34304K, reserved 1079296K
  class space    used 4376K, capacity 4775K, committed 4864K, reserved 1048576K
}
Event: 13.577 GC heap before
{Heap before GC invocations=10 (full 1):
 PSYoungGen      total 156672K, used 23356K [0x00000000eab00000, 0x00000000f6100000, 0x0000000100000000)
  eden space 144384K, 7% used [0x00000000eab00000,0x00000000eb5d6158,0x00000000f3800000)
  from space 12288K, 99% used [0x00000000f4980000,0x00000000f5579060,0x00000000f5580000)
  to   space 17920K, 0% used [0x00000000f3800000,0x00000000f3800000,0x00000000f4980000)
 ParOldGen       total 59392K, used 16057K [0x00000000c0000000, 0x00000000c3a00000, 0x00000000eab00000)
  object space 59392K, 27% used [0x00000000c0000000,0x00000000c0fae710,0x00000000c3a00000)
 Metaspace       used 34315K, capacity 35402K, committed 35456K, reserved 1079296K
  class space    used 4555K, capacity 4988K, committed 4992K, reserved 1048576K
Event: 13.602 GC heap after
Heap after GC invocations=10 (full 1):
 PSYoungGen      total 162304K, used 13451K [0x00000000eab00000, 0x00000000f9b80000, 0x0000000100000000)
  eden space 144384K, 0% used [0x00000000eab00000,0x00000000eab00000,0x00000000f3800000)
  from space 17920K, 75% used [0x00000000f3800000,0x00000000f4522ee8,0x00000000f4980000)
  to   space 18944K, 0% used [0x00000000f8900000,0x00000000f8900000,0x00000000f9b80000)
 ParOldGen       total 59392K, used 16065K [0x00000000c0000000, 0x00000000c3a00000, 0x00000000eab00000)
  object space 59392K, 27% used [0x00000000c0000000,0x00000000c0fb0710,0x00000000c3a00000)
 Metaspace       used 34315K, capacity 35402K, committed 35456K, reserved 1079296K
  class space    used 4555K, capacity 4988K, committed 4992K, reserved 1048576K
}
Event: 13.602 GC heap before
{Heap before GC invocations=11 (full 2):
 PSYoungGen      total 162304K, used 13451K [0x00000000eab00000, 0x00000000f9b80000, 0x0000000100000000)
  eden space 144384K, 0% used [0x00000000eab00000,0x00000000eab00000,0x00000000f3800000)
  from space 17920K, 75% used [0x00000000f3800000,0x00000000f4522ee8,0x00000000f4980000)
  to   space 18944K, 0% used [0x00000000f8900000,0x00000000f8900000,0x00000000f9b80000)
 ParOldGen       total 59392K, used 16065K [0x00000000c0000000, 0x00000000c3a00000, 0x00000000eab00000)
  object space 59392K, 27% used [0x00000000c0000000,0x00000000c0fb0710,0x00000000c3a00000)
 Metaspace       used 34315K, capacity 35402K, committed 35456K, reserved 1079296K
  class space    used 4555K, capacity 4988K, committed 4992K, reserved 1048576K
Event: 13.833 GC heap after
Heap after GC invocations=11 (full 2):
 PSYoungGen      total 162304K, used 0K [0x00000000eab00000, 0x00000000f9b80000, 0x0000000100000000)
  eden space 144384K, 0% used [0x00000000eab00000,0x00000000eab00000,0x00000000f3800000)
  from space 17920K, 0% used [0x00000000f3800000,0x00000000f3800000,0x00000000f4980000)
  to   space 18944K, 0% used [0x00000000f8900000,0x00000000f8900000,0x00000000f9b80000)
 ParOldGen       total 99840K, used 24484K [0x00000000c0000000, 0x00000000c6180000, 0x00000000eab00000)
  object space 99840K, 24% used [0x00000000c0000000,0x00000000c17e9048,0x00000000c6180000)
 Metaspace       used 34315K, capacity 35402K, committed 35456K, reserved 1079296K
  class space    used 4555K, capacity 4988K, committed 4992K, reserved 1048576K
}

